2017-06-02 14:56:50,715 - Log4JLogChute initialized using file 'velocity.log'
2017-06-02 14:56:50,722 - Initializing Velocity, Calling init()...
2017-06-02 14:56:50,723 - Starting Apache Velocity v1.7 (compiled: 2010-11-19 12:14:37)
2017-06-02 14:56:50,723 - Default Properties File: org\apache\velocity\runtime\defaults\velocity.properties
2017-06-02 14:56:50,723 - Trying to use logger class org.apache.velocity.runtime.log.AvalonLogChute
2017-06-02 14:56:50,723 - Target log system for org.apache.velocity.runtime.log.AvalonLogChute is not available (java.lang.NoClassDefFoundError: org/apache/log/format/Formatter).  Falling back to next log system...
2017-06-02 14:56:50,723 - Trying to use logger class org.apache.velocity.runtime.log.Log4JLogChute
2017-06-02 14:56:50,723 - Using logger class org.apache.velocity.runtime.log.Log4JLogChute
2017-06-02 14:56:50,730 - ResourceLoader instantiated: org.apache.velocity.runtime.resource.loader.FileResourceLoader
2017-06-02 14:56:50,732 - Do unicode file recognition:  false
2017-06-02 14:56:50,732 - FileResourceLoader : adding path '${INSTALL_ROOT}\option_comps\appframe'
2017-06-02 14:56:50,803 - ResourceCache: initialized (class org.apache.velocity.runtime.resource.ResourceCacheImpl) with class java.util.Collections$SynchronizedMap cache map.
2017-06-02 14:56:50,806 - Loaded System Directive: org.apache.velocity.runtime.directive.Stop
2017-06-02 14:56:50,809 - Loaded System Directive: org.apache.velocity.runtime.directive.Define
2017-06-02 14:56:50,811 - Loaded System Directive: org.apache.velocity.runtime.directive.Break
2017-06-02 14:56:50,812 - Loaded System Directive: org.apache.velocity.runtime.directive.Evaluate
2017-06-02 14:56:50,814 - Loaded System Directive: org.apache.velocity.runtime.directive.Literal
2017-06-02 14:56:50,817 - Loaded System Directive: org.apache.velocity.runtime.directive.Macro
2017-06-02 14:56:50,821 - Loaded System Directive: org.apache.velocity.runtime.directive.Parse
2017-06-02 14:56:50,824 - Loaded System Directive: org.apache.velocity.runtime.directive.Include
2017-06-02 14:56:50,826 - Loaded System Directive: org.apache.velocity.runtime.directive.Foreach
2017-06-02 14:56:50,923 - Created '20' parsers.
2017-06-02 14:56:50,931 - Velocimacro : "velocimacro.library" is not set.  Trying default library: VM_global_library.vm
2017-06-02 14:56:50,931 - Velocimacro : Default library not found.
2017-06-02 14:56:50,931 - Velocimacro : allowInline = true : VMs can be defined inline in templates
2017-06-02 14:56:50,931 - Velocimacro : allowInlineToOverride = false : VMs defined inline may NOT replace previous VM definitions
2017-06-02 14:56:50,931 - Velocimacro : allowInlineLocal = false : VMs defined inline will be global in scope if allowed.
2017-06-02 14:56:50,931 - Velocimacro : autoload off : VM system will not automatically reload global library macros
2017-06-02 14:56:50,933 - ResourceManager : unable to find resource 'bosssoft_templet.vm' in any resource loader.
2017-06-02 15:00:04,638 - Log4JLogChute initialized using file 'velocity.log'
2017-06-02 15:00:04,909 - Initializing Velocity, Calling init()...
2017-06-02 15:00:04,909 - Starting Apache Velocity v1.7 (compiled: 2010-11-19 12:14:37)
2017-06-02 15:00:04,909 - Default Properties File: org\apache\velocity\runtime\defaults\velocity.properties
2017-06-02 15:00:04,909 - Trying to use logger class org.apache.velocity.runtime.log.AvalonLogChute
2017-06-02 15:00:04,909 - Target log system for org.apache.velocity.runtime.log.AvalonLogChute is not available (java.lang.NoClassDefFoundError: org/apache/log/format/Formatter).  Falling back to next log system...
2017-06-02 15:00:04,909 - Trying to use logger class org.apache.velocity.runtime.log.Log4JLogChute
2017-06-02 15:00:04,909 - Using logger class org.apache.velocity.runtime.log.Log4JLogChute
2017-06-02 15:00:04,920 - ResourceLoader instantiated: org.apache.velocity.runtime.resource.loader.FileResourceLoader
2017-06-02 15:00:04,923 - Do unicode file recognition:  false
2017-06-02 15:00:04,923 - FileResourceLoader : adding path 'E:\eclipse\workspace\nontax-linux-install\target\classes\option_comps\appframe'
2017-06-02 15:00:04,937 - ResourceCache: initialized (class org.apache.velocity.runtime.resource.ResourceCacheImpl) with class java.util.Collections$SynchronizedMap cache map.
2017-06-02 15:00:04,940 - Loaded System Directive: org.apache.velocity.runtime.directive.Stop
2017-06-02 15:00:04,941 - Loaded System Directive: org.apache.velocity.runtime.directive.Define
2017-06-02 15:00:04,943 - Loaded System Directive: org.apache.velocity.runtime.directive.Break
2017-06-02 15:00:04,944 - Loaded System Directive: org.apache.velocity.runtime.directive.Evaluate
2017-06-02 15:00:04,945 - Loaded System Directive: org.apache.velocity.runtime.directive.Literal
2017-06-02 15:00:04,947 - Loaded System Directive: org.apache.velocity.runtime.directive.Macro
2017-06-02 15:00:04,949 - Loaded System Directive: org.apache.velocity.runtime.directive.Parse
2017-06-02 15:00:04,950 - Loaded System Directive: org.apache.velocity.runtime.directive.Include
2017-06-02 15:00:04,952 - Loaded System Directive: org.apache.velocity.runtime.directive.Foreach
2017-06-02 15:00:04,983 - Created '20' parsers.
2017-06-02 15:00:04,990 - Velocimacro : "velocimacro.library" is not set.  Trying default library: VM_global_library.vm
2017-06-02 15:00:04,990 - Velocimacro : Default library not found.
2017-06-02 15:00:04,990 - Velocimacro : allowInline = true : VMs can be defined inline in templates
2017-06-02 15:00:04,990 - Velocimacro : allowInlineToOverride = false : VMs defined inline may NOT replace previous VM definitions
2017-06-02 15:00:04,990 - Velocimacro : allowInlineLocal = false : VMs defined inline will be global in scope if allowed.
2017-06-02 15:00:04,990 - Velocimacro : autoload off : VM system will not automatically reload global library macros
2017-06-02 15:00:06,100 - ResourceManager : found bosssoft_templet.vm with loader org.apache.velocity.runtime.resource.loader.FileResourceLoader
2017-06-02 17:50:16,106 - Log4JLogChute initialized using file 'velocity.log'
2017-06-02 17:50:16,137 - Initializing Velocity, Calling init()...
2017-06-02 17:50:16,137 - Starting Apache Velocity v1.7 (compiled: 2010-11-19 12:14:37)
2017-06-02 17:50:16,137 - Default Properties File: org\apache\velocity\runtime\defaults\velocity.properties
2017-06-02 17:50:16,137 - Trying to use logger class org.apache.velocity.runtime.log.AvalonLogChute
2017-06-02 17:50:16,138 - Target log system for org.apache.velocity.runtime.log.AvalonLogChute is not available (java.lang.NoClassDefFoundError: org/apache/log/format/Formatter).  Falling back to next log system...
2017-06-02 17:50:16,138 - Trying to use logger class org.apache.velocity.runtime.log.Log4JLogChute
2017-06-02 17:50:16,138 - Using logger class org.apache.velocity.runtime.log.Log4JLogChute
2017-06-02 17:50:16,168 - ResourceLoader instantiated: org.apache.velocity.runtime.resource.loader.FileResourceLoader
2017-06-02 17:50:16,169 - Do unicode file recognition:  false
2017-06-02 17:50:16,169 - FileResourceLoader : adding path 'E:\eclipse\workspace\nontax-linux-install\target\classes\option_comps\appframe'
2017-06-02 17:50:16,225 - ResourceCache: initialized (class org.apache.velocity.runtime.resource.ResourceCacheImpl) with class java.util.Collections$SynchronizedMap cache map.
2017-06-02 17:50:16,227 - Loaded System Directive: org.apache.velocity.runtime.directive.Stop
2017-06-02 17:50:16,229 - Loaded System Directive: org.apache.velocity.runtime.directive.Define
2017-06-02 17:50:16,229 - Loaded System Directive: org.apache.velocity.runtime.directive.Break
2017-06-02 17:50:16,230 - Loaded System Directive: org.apache.velocity.runtime.directive.Evaluate
2017-06-02 17:50:16,231 - Loaded System Directive: org.apache.velocity.runtime.directive.Literal
2017-06-02 17:50:16,233 - Loaded System Directive: org.apache.velocity.runtime.directive.Macro
2017-06-02 17:50:16,235 - Loaded System Directive: org.apache.velocity.runtime.directive.Parse
2017-06-02 17:50:16,237 - Loaded System Directive: org.apache.velocity.runtime.directive.Include
2017-06-02 17:50:16,239 - Loaded System Directive: org.apache.velocity.runtime.directive.Foreach
2017-06-02 17:50:16,323 - Created '20' parsers.
2017-06-02 17:50:16,352 - Velocimacro : "velocimacro.library" is not set.  Trying default library: VM_global_library.vm
2017-06-02 17:50:16,352 - Velocimacro : Default library not found.
2017-06-02 17:50:16,352 - Velocimacro : allowInline = true : VMs can be defined inline in templates
2017-06-02 17:50:16,352 - Velocimacro : allowInlineToOverride = false : VMs defined inline may NOT replace previous VM definitions
2017-06-02 17:50:16,352 - Velocimacro : allowInlineLocal = false : VMs defined inline will be global in scope if allowed.
2017-06-02 17:50:16,352 - Velocimacro : autoload off : VM system will not automatically reload global library macros
2017-06-02 17:50:16,392 - ResourceManager : found bosssoft_templet.vm with loader org.apache.velocity.runtime.resource.loader.FileResourceLoader
2017-06-02 17:54:16,220 - Log4JLogChute initialized using file 'velocity.log'
2017-06-02 17:54:16,253 - Initializing Velocity, Calling init()...
2017-06-02 17:54:16,253 - Starting Apache Velocity v1.7 (compiled: 2010-11-19 12:14:37)
2017-06-02 17:54:16,253 - Default Properties File: org\apache\velocity\runtime\defaults\velocity.properties
2017-06-02 17:54:16,253 - Trying to use logger class org.apache.velocity.runtime.log.AvalonLogChute
2017-06-02 17:54:16,253 - Target log system for org.apache.velocity.runtime.log.AvalonLogChute is not available (java.lang.NoClassDefFoundError: org/apache/log/format/Formatter).  Falling back to next log system...
2017-06-02 17:54:16,254 - Trying to use logger class org.apache.velocity.runtime.log.Log4JLogChute
2017-06-02 17:54:16,254 - Using logger class org.apache.velocity.runtime.log.Log4JLogChute
2017-06-02 17:54:16,267 - ResourceLoader instantiated: org.apache.velocity.runtime.resource.loader.FileResourceLoader
2017-06-02 17:54:16,270 - Do unicode file recognition:  false
2017-06-02 17:54:16,270 - FileResourceLoader : adding path 'E:\eclipse\workspace\nontax-linux-install\target\classes\option_comps\appframe'
2017-06-02 17:54:16,359 - ResourceCache: initialized (class org.apache.velocity.runtime.resource.ResourceCacheImpl) with class java.util.Collections$SynchronizedMap cache map.
2017-06-02 17:54:16,362 - Loaded System Directive: org.apache.velocity.runtime.directive.Stop
2017-06-02 17:54:16,364 - Loaded System Directive: org.apache.velocity.runtime.directive.Define
2017-06-02 17:54:16,365 - Loaded System Directive: org.apache.velocity.runtime.directive.Break
2017-06-02 17:54:16,366 - Loaded System Directive: org.apache.velocity.runtime.directive.Evaluate
2017-06-02 17:54:16,367 - Loaded System Directive: org.apache.velocity.runtime.directive.Literal
2017-06-02 17:54:16,369 - Loaded System Directive: org.apache.velocity.runtime.directive.Macro
2017-06-02 17:54:16,370 - Loaded System Directive: org.apache.velocity.runtime.directive.Parse
2017-06-02 17:54:16,373 - Loaded System Directive: org.apache.velocity.runtime.directive.Include
2017-06-02 17:54:16,374 - Loaded System Directive: org.apache.velocity.runtime.directive.Foreach
2017-06-02 17:54:16,516 - Created '20' parsers.
2017-06-02 17:54:16,540 - Velocimacro : "velocimacro.library" is not set.  Trying default library: VM_global_library.vm
2017-06-02 17:54:16,541 - Velocimacro : Default library not found.
2017-06-02 17:54:16,541 - Velocimacro : allowInline = true : VMs can be defined inline in templates
2017-06-02 17:54:16,541 - Velocimacro : allowInlineToOverride = false : VMs defined inline may NOT replace previous VM definitions
2017-06-02 17:54:16,541 - Velocimacro : allowInlineLocal = false : VMs defined inline will be global in scope if allowed.
2017-06-02 17:54:16,541 - Velocimacro : autoload off : VM system will not automatically reload global library macros
2017-06-02 17:54:16,620 - ResourceManager : found bosssoft_templet.vm with loader org.apache.velocity.runtime.resource.loader.FileResourceLoader
2017-06-04 11:11:41,923 - Log4JLogChute initialized using file 'velocity.log'
2017-06-04 11:11:42,239 - Initializing Velocity, Calling init()...
2017-06-04 11:11:42,239 - Starting Apache Velocity v1.7 (compiled: 2010-11-19 12:14:37)
2017-06-04 11:11:42,239 - Default Properties File: org\apache\velocity\runtime\defaults\velocity.properties
2017-06-04 11:11:42,239 - Trying to use logger class org.apache.velocity.runtime.log.AvalonLogChute
2017-06-04 11:11:42,239 - Target log system for org.apache.velocity.runtime.log.AvalonLogChute is not available (java.lang.NoClassDefFoundError: org/apache/log/format/Formatter).  Falling back to next log system...
2017-06-04 11:11:42,240 - Trying to use logger class org.apache.velocity.runtime.log.Log4JLogChute
2017-06-04 11:11:42,240 - Using logger class org.apache.velocity.runtime.log.Log4JLogChute
2017-06-04 11:11:42,274 - ResourceLoader instantiated: org.apache.velocity.runtime.resource.loader.FileResourceLoader
2017-06-04 11:11:42,277 - Do unicode file recognition:  false
2017-06-04 11:11:42,277 - FileResourceLoader : adding path 'E:\eclipse\workspace\nontax-linux-install\target\classes\option_comps\appframe'
2017-06-04 11:11:42,328 - ResourceCache: initialized (class org.apache.velocity.runtime.resource.ResourceCacheImpl) with class java.util.Collections$SynchronizedMap cache map.
2017-06-04 11:11:42,332 - Loaded System Directive: org.apache.velocity.runtime.directive.Stop
2017-06-04 11:11:42,335 - Loaded System Directive: org.apache.velocity.runtime.directive.Define
2017-06-04 11:11:42,336 - Loaded System Directive: org.apache.velocity.runtime.directive.Break
2017-06-04 11:11:42,338 - Loaded System Directive: org.apache.velocity.runtime.directive.Evaluate
2017-06-04 11:11:42,339 - Loaded System Directive: org.apache.velocity.runtime.directive.Literal
2017-06-04 11:11:42,342 - Loaded System Directive: org.apache.velocity.runtime.directive.Macro
2017-06-04 11:11:42,345 - Loaded System Directive: org.apache.velocity.runtime.directive.Parse
2017-06-04 11:11:42,348 - Loaded System Directive: org.apache.velocity.runtime.directive.Include
2017-06-04 11:11:42,350 - Loaded System Directive: org.apache.velocity.runtime.directive.Foreach
2017-06-04 11:11:44,447 - Created '20' parsers.
2017-06-04 11:11:44,659 - Velocimacro : "velocimacro.library" is not set.  Trying default library: VM_global_library.vm
2017-06-04 11:11:44,659 - Velocimacro : Default library not found.
2017-06-04 11:11:44,659 - Velocimacro : allowInline = true : VMs can be defined inline in templates
2017-06-04 11:11:44,660 - Velocimacro : allowInlineToOverride = false : VMs defined inline may NOT replace previous VM definitions
2017-06-04 11:11:44,660 - Velocimacro : allowInlineLocal = false : VMs defined inline will be global in scope if allowed.
2017-06-04 11:11:44,660 - Velocimacro : autoload off : VM system will not automatically reload global library macros
2017-06-04 11:11:44,934 - ResourceManager : found bosssoft_templet.vm with loader org.apache.velocity.runtime.resource.loader.FileResourceLoader
2017-06-04 11:26:26,946 - Log4JLogChute initialized using file 'velocity.log'
2017-06-04 11:26:27,067 - Initializing Velocity, Calling init()...
2017-06-04 11:26:27,068 - Starting Apache Velocity v1.7 (compiled: 2010-11-19 12:14:37)
2017-06-04 11:26:27,068 - Default Properties File: org\apache\velocity\runtime\defaults\velocity.properties
2017-06-04 11:26:27,068 - Trying to use logger class org.apache.velocity.runtime.log.AvalonLogChute
2017-06-04 11:26:27,068 - Target log system for org.apache.velocity.runtime.log.AvalonLogChute is not available (java.lang.NoClassDefFoundError: org/apache/log/format/Formatter).  Falling back to next log system...
2017-06-04 11:26:27,068 - Trying to use logger class org.apache.velocity.runtime.log.Log4JLogChute
2017-06-04 11:26:27,068 - Using logger class org.apache.velocity.runtime.log.Log4JLogChute
2017-06-04 11:26:27,163 - ResourceLoader instantiated: org.apache.velocity.runtime.resource.loader.FileResourceLoader
2017-06-04 11:26:27,166 - Do unicode file recognition:  false
2017-06-04 11:26:27,166 - FileResourceLoader : adding path 'E:\eclipse\workspace\nontax-linux-install\target\classes\option_comps\appframe'
2017-06-04 11:26:27,254 - ResourceCache: initialized (class org.apache.velocity.runtime.resource.ResourceCacheImpl) with class java.util.Collections$SynchronizedMap cache map.
2017-06-04 11:26:27,257 - Loaded System Directive: org.apache.velocity.runtime.directive.Stop
2017-06-04 11:26:27,260 - Loaded System Directive: org.apache.velocity.runtime.directive.Define
2017-06-04 11:26:27,261 - Loaded System Directive: org.apache.velocity.runtime.directive.Break
2017-06-04 11:26:27,263 - Loaded System Directive: org.apache.velocity.runtime.directive.Evaluate
2017-06-04 11:26:27,264 - Loaded System Directive: org.apache.velocity.runtime.directive.Literal
2017-06-04 11:26:27,267 - Loaded System Directive: org.apache.velocity.runtime.directive.Macro
2017-06-04 11:26:27,270 - Loaded System Directive: org.apache.velocity.runtime.directive.Parse
2017-06-04 11:26:27,273 - Loaded System Directive: org.apache.velocity.runtime.directive.Include
2017-06-04 11:26:27,275 - Loaded System Directive: org.apache.velocity.runtime.directive.Foreach
2017-06-04 11:26:27,495 - Created '20' parsers.
2017-06-04 11:26:27,536 - Velocimacro : "velocimacro.library" is not set.  Trying default library: VM_global_library.vm
2017-06-04 11:26:27,536 - Velocimacro : Default library not found.
2017-06-04 11:26:27,536 - Velocimacro : allowInline = true : VMs can be defined inline in templates
2017-06-04 11:26:27,537 - Velocimacro : allowInlineToOverride = false : VMs defined inline may NOT replace previous VM definitions
2017-06-04 11:26:27,537 - Velocimacro : allowInlineLocal = false : VMs defined inline will be global in scope if allowed.
2017-06-04 11:26:27,537 - Velocimacro : autoload off : VM system will not automatically reload global library macros
2017-06-04 11:26:27,730 - ResourceManager : found bosssoft_templet.vm with loader org.apache.velocity.runtime.resource.loader.FileResourceLoader
2017-06-04 11:36:43,936 - Log4JLogChute initialized using file 'velocity.log'
2017-06-04 11:36:43,968 - Initializing Velocity, Calling init()...
2017-06-04 11:36:43,968 - Starting Apache Velocity v1.7 (compiled: 2010-11-19 12:14:37)
2017-06-04 11:36:43,969 - Default Properties File: org\apache\velocity\runtime\defaults\velocity.properties
2017-06-04 11:36:43,969 - Trying to use logger class org.apache.velocity.runtime.log.AvalonLogChute
2017-06-04 11:36:43,969 - Target log system for org.apache.velocity.runtime.log.AvalonLogChute is not available (java.lang.NoClassDefFoundError: org/apache/log/format/Formatter).  Falling back to next log system...
2017-06-04 11:36:43,969 - Trying to use logger class org.apache.velocity.runtime.log.Log4JLogChute
2017-06-04 11:36:43,969 - Using logger class org.apache.velocity.runtime.log.Log4JLogChute
2017-06-04 11:36:43,982 - ResourceLoader instantiated: org.apache.velocity.runtime.resource.loader.FileResourceLoader
2017-06-04 11:36:43,985 - Do unicode file recognition:  false
2017-06-04 11:36:43,985 - FileResourceLoader : adding path 'E:\eclipse\workspace\nontax-linux-install\target\classes\option_comps\appframe'
2017-06-04 11:36:44,032 - ResourceCache: initialized (class org.apache.velocity.runtime.resource.ResourceCacheImpl) with class java.util.Collections$SynchronizedMap cache map.
2017-06-04 11:36:44,036 - Loaded System Directive: org.apache.velocity.runtime.directive.Stop
2017-06-04 11:36:44,038 - Loaded System Directive: org.apache.velocity.runtime.directive.Define
2017-06-04 11:36:44,040 - Loaded System Directive: org.apache.velocity.runtime.directive.Break
2017-06-04 11:36:44,042 - Loaded System Directive: org.apache.velocity.runtime.directive.Evaluate
2017-06-04 11:36:44,043 - Loaded System Directive: org.apache.velocity.runtime.directive.Literal
2017-06-04 11:36:44,045 - Loaded System Directive: org.apache.velocity.runtime.directive.Macro
2017-06-04 11:36:44,048 - Loaded System Directive: org.apache.velocity.runtime.directive.Parse
2017-06-04 11:36:44,052 - Loaded System Directive: org.apache.velocity.runtime.directive.Include
2017-06-04 11:36:44,054 - Loaded System Directive: org.apache.velocity.runtime.directive.Foreach
2017-06-04 11:36:44,207 - Created '20' parsers.
2017-06-04 11:36:44,224 - Velocimacro : "velocimacro.library" is not set.  Trying default library: VM_global_library.vm
2017-06-04 11:36:44,225 - Velocimacro : Default library not found.
2017-06-04 11:36:44,225 - Velocimacro : allowInline = true : VMs can be defined inline in templates
2017-06-04 11:36:44,225 - Velocimacro : allowInlineToOverride = false : VMs defined inline may NOT replace previous VM definitions
2017-06-04 11:36:44,225 - Velocimacro : allowInlineLocal = false : VMs defined inline will be global in scope if allowed.
2017-06-04 11:36:44,225 - Velocimacro : autoload off : VM system will not automatically reload global library macros
2017-06-04 11:36:44,324 - ResourceManager : found bosssoft_templet.vm with loader org.apache.velocity.runtime.resource.loader.FileResourceLoader
2017-06-04 12:19:34,630 - Log4JLogChute initialized using file 'velocity.log'
2017-06-04 12:19:34,821 - Initializing Velocity, Calling init()...
2017-06-04 12:19:34,822 - Starting Apache Velocity v1.7 (compiled: 2010-11-19 12:14:37)
2017-06-04 12:19:34,822 - Default Properties File: org\apache\velocity\runtime\defaults\velocity.properties
2017-06-04 12:19:34,822 - Trying to use logger class org.apache.velocity.runtime.log.AvalonLogChute
2017-06-04 12:19:34,822 - Target log system for org.apache.velocity.runtime.log.AvalonLogChute is not available (java.lang.NoClassDefFoundError: org/apache/log/format/Formatter).  Falling back to next log system...
2017-06-04 12:19:34,822 - Trying to use logger class org.apache.velocity.runtime.log.Log4JLogChute
2017-06-04 12:19:34,822 - Using logger class org.apache.velocity.runtime.log.Log4JLogChute
2017-06-04 12:19:35,476 - ResourceLoader instantiated: org.apache.velocity.runtime.resource.loader.FileResourceLoader
2017-06-04 12:19:35,479 - Do unicode file recognition:  false
2017-06-04 12:19:35,479 - FileResourceLoader : adding path 'E:\eclipse\workspace\nontax-linux-install\target\classes\option_comps\appframe'
2017-06-04 12:19:36,589 - ResourceCache: initialized (class org.apache.velocity.runtime.resource.ResourceCacheImpl) with class java.util.Collections$SynchronizedMap cache map.
2017-06-04 12:19:36,592 - Loaded System Directive: org.apache.velocity.runtime.directive.Stop
2017-06-04 12:19:36,594 - Loaded System Directive: org.apache.velocity.runtime.directive.Define
2017-06-04 12:19:36,595 - Loaded System Directive: org.apache.velocity.runtime.directive.Break
2017-06-04 12:19:36,596 - Loaded System Directive: org.apache.velocity.runtime.directive.Evaluate
2017-06-04 12:19:36,597 - Loaded System Directive: org.apache.velocity.runtime.directive.Literal
2017-06-04 12:19:36,599 - Loaded System Directive: org.apache.velocity.runtime.directive.Macro
2017-06-04 12:19:36,601 - Loaded System Directive: org.apache.velocity.runtime.directive.Parse
2017-06-04 12:19:36,603 - Loaded System Directive: org.apache.velocity.runtime.directive.Include
2017-06-04 12:19:36,604 - Loaded System Directive: org.apache.velocity.runtime.directive.Foreach
2017-06-04 12:19:37,514 - Created '20' parsers.
2017-06-04 12:19:37,590 - Velocimacro : "velocimacro.library" is not set.  Trying default library: VM_global_library.vm
2017-06-04 12:19:37,591 - Velocimacro : Default library not found.
2017-06-04 12:19:37,591 - Velocimacro : allowInline = true : VMs can be defined inline in templates
2017-06-04 12:19:37,591 - Velocimacro : allowInlineToOverride = false : VMs defined inline may NOT replace previous VM definitions
2017-06-04 12:19:37,591 - Velocimacro : allowInlineLocal = false : VMs defined inline will be global in scope if allowed.
2017-06-04 12:19:37,591 - Velocimacro : autoload off : VM system will not automatically reload global library macros
2017-06-04 12:19:38,005 - ResourceManager : found bosssoft_templet.vm with loader org.apache.velocity.runtime.resource.loader.FileResourceLoader
2017-06-04 12:27:45,671 - Log4JLogChute initialized using file 'velocity.log'
2017-06-04 12:27:45,697 - Initializing Velocity, Calling init()...
2017-06-04 12:27:45,697 - Starting Apache Velocity v1.7 (compiled: 2010-11-19 12:14:37)
2017-06-04 12:27:45,697 - Default Properties File: org\apache\velocity\runtime\defaults\velocity.properties
2017-06-04 12:27:45,697 - Trying to use logger class org.apache.velocity.runtime.log.AvalonLogChute
2017-06-04 12:27:45,697 - Target log system for org.apache.velocity.runtime.log.AvalonLogChute is not available (java.lang.NoClassDefFoundError: org/apache/log/format/Formatter).  Falling back to next log system...
2017-06-04 12:27:45,698 - Trying to use logger class org.apache.velocity.runtime.log.Log4JLogChute
2017-06-04 12:27:45,698 - Using logger class org.apache.velocity.runtime.log.Log4JLogChute
2017-06-04 12:27:45,729 - ResourceLoader instantiated: org.apache.velocity.runtime.resource.loader.FileResourceLoader
2017-06-04 12:27:45,732 - Do unicode file recognition:  false
2017-06-04 12:27:45,732 - FileResourceLoader : adding path 'E:\eclipse\workspace\nontax-linux-install\target\classes\option_comps\appframe'
2017-06-04 12:27:45,776 - ResourceCache: initialized (class org.apache.velocity.runtime.resource.ResourceCacheImpl) with class java.util.Collections$SynchronizedMap cache map.
2017-06-04 12:27:45,779 - Loaded System Directive: org.apache.velocity.runtime.directive.Stop
2017-06-04 12:27:45,782 - Loaded System Directive: org.apache.velocity.runtime.directive.Define
2017-06-04 12:27:45,784 - Loaded System Directive: org.apache.velocity.runtime.directive.Break
2017-06-04 12:27:45,786 - Loaded System Directive: org.apache.velocity.runtime.directive.Evaluate
2017-06-04 12:27:45,787 - Loaded System Directive: org.apache.velocity.runtime.directive.Literal
2017-06-04 12:27:45,790 - Loaded System Directive: org.apache.velocity.runtime.directive.Macro
2017-06-04 12:27:45,794 - Loaded System Directive: org.apache.velocity.runtime.directive.Parse
2017-06-04 12:27:45,797 - Loaded System Directive: org.apache.velocity.runtime.directive.Include
2017-06-04 12:27:45,800 - Loaded System Directive: org.apache.velocity.runtime.directive.Foreach
2017-06-04 12:27:46,855 - Created '20' parsers.
2017-06-04 12:27:46,902 - Velocimacro : "velocimacro.library" is not set.  Trying default library: VM_global_library.vm
2017-06-04 12:27:46,902 - Velocimacro : Default library not found.
2017-06-04 12:27:46,902 - Velocimacro : allowInline = true : VMs can be defined inline in templates
2017-06-04 12:27:46,902 - Velocimacro : allowInlineToOverride = false : VMs defined inline may NOT replace previous VM definitions
2017-06-04 12:27:46,902 - Velocimacro : allowInlineLocal = false : VMs defined inline will be global in scope if allowed.
2017-06-04 12:27:46,902 - Velocimacro : autoload off : VM system will not automatically reload global library macros
2017-06-04 12:27:47,035 - ResourceManager : found bosssoft_templet.vm with loader org.apache.velocity.runtime.resource.loader.FileResourceLoader
